============================= test session starts =============================
platform win32 -- Python 3.12.9, pytest-9.0.2, pluggy-1.6.0 -- D:\Openresearch\ai-service\.venv\Scripts\python.exe
cachedir: .pytest_cache
rootdir: D:\Openresearch\ai-service
configfile: pytest.ini
plugins: anyio-4.12.1, langsmith-0.6.7, asyncio-1.3.0, cov-7.0.0
asyncio: mode=Mode.AUTO, debug=False, asyncio_default_fixture_loop_scope=None, asyncio_default_test_loop_scope=function
collecting ... collected 38 items

tests/test_agentic.py::TestInitialization::test_initialize_success FAILED [  2%]
tests/test_agentic.py::TestInitialization::test_initialize_without_key PASSED [  5%]
tests/test_agentic.py::TestInitialization::test_initialize_without_langchain PASSED [  7%]
tests/test_agentic.py::TestCallLLM::test_call_llm_success PASSED         [ 10%]
tests/test_agentic.py::TestCallLLM::test_call_llm_not_initialized PASSED [ 13%]
tests/test_agentic.py::TestCallLLM::test_call_llm_timeout PASSED         [ 15%]
tests/test_agentic.py::TestCallLLM::test_call_llm_json_valid PASSED      [ 18%]
tests/test_agentic.py::TestCallLLM::test_call_llm_json_with_code_fences PASSED [ 21%]
tests/test_agentic.py::TestFormatMemoryContext::test_empty_context FAILED [ 23%]
tests/test_agentic.py::TestFormatMemoryContext::test_with_text_key FAILED [ 26%]
tests/test_agentic.py::TestFormatMemoryContext::test_with_memory_key FAILED [ 28%]
tests/test_agentic.py::TestFormatMemoryContext::test_fallback_to_str FAILED [ 31%]
tests/test_agentic.py::TestFormatMemoryContext::test_paper_retrieval_tool FAILED [ 34%]
tests/test_agentic.py::TestFormatMemoryContext::test_literature_survey_tool PASSED [ 36%]
tests/test_agentic.py::TestFormatMemoryContext::test_gap_analysis_tool PASSED [ 39%]
tests/test_agentic.py::TestFormatMemoryContext::test_fact_check_tool FAILED [ 42%]
tests/test_agentic.py::TestFormatMemoryContext::test_novelty_assessment_tool PASSED [ 44%]
tests/test_agentic.py::TestFormatMemoryContext::test_research_mentor_tool FAILED [ 47%]
tests/test_agentic.py::TestFormatMemoryContext::test_paper_writing_tool PASSED [ 50%]
tests/test_agentic.py::TestFormatMemoryContext::test_research_planning_tool FAILED [ 52%]
tests/test_agentic.py::TestFormatMemoryContext::test_run_task_routes_correctly FAILED [ 55%]
tests/test_agentic.py::TestErrorBoundaries::test_paper_retrieval_error_boundary FAILED [ 57%]
tests/test_agentic.py::TestErrorBoundaries::test_literature_survey_error_boundary FAILED [ 60%]
tests/test_agentic.py::TestErrorBoundaries::test_fact_check_error_boundary FAILED [ 63%]
tests/test_agentic.py::TestErrorBoundaries::test_novelty_error_boundary PASSED [ 65%]
tests/test_agentic.py::TestErrorBoundaries::test_research_mentor_error_boundary FAILED [ 68%]
tests/test_agentic.py::TestErrorBoundaries::test_paper_writing_error_boundary PASSED [ 71%]
tests/test_agentic.py::TestErrorBoundaries::test_research_planning_error_boundary FAILED [ 73%]
tests/test_agentic.py::TestErrorBoundaries::test_deep_research_error_boundary PASSED [ 76%]
tests/test_agentic.py::TestCollectSources::test_fallback_to_group_papers FAILED [ 78%]
tests/test_agentic.py::TestCollectSources::test_mcp_source_collection FAILED [ 81%]
tests/test_agentic.py::TestCollectSources::test_failed_search_logs_warning FAILED [ 84%]
tests/test_agentic.py::TestSummarizeSources::test_parallel_summarization PASSED [ 86%]
tests/test_agentic.py::TestAutoIntentClassification::test_auto_classify_when_task_empty FAILED [ 89%]
tests/test_agentic.py::TestAutoIntentClassification::test_auto_classify_when_task_is_auto FAILED [ 92%]
tests/test_agentic.py::TestAutoIntentClassification::test_auto_classify_below_threshold_defaults FAILED [ 94%]
tests/test_agentic.py::TestAutoIntentClassification::test_explicit_task_skips_classify FAILED [ 97%]
tests/test_agentic.py::TestRunTaskResponse::test_response_includes_errors_field FAILED [100%]
ERROR: Coverage failure: total of 22 is less than fail-under=35


================================== FAILURES ===================================
_________________ TestInitialization.test_initialize_success __________________

args = (<tests.test_agentic.TestInitialization object at 0x000001ADAB41B6B0>,)
keywargs = {}

    @wraps(func)
    def patched(*args, **keywargs):
>       with self.decoration_helper(patched,
                                    args,
                                    keywargs) as (newargs, newkeywargs):

C:\Users\rohan\AppData\Roaming\uv\python\cpython-3.12.9-windows-x86_64-none\Lib\unittest\mock.py:1393: 
_ _ _ _ _ _ _ _ _ _ _ _ _ _ _ _ _ _ _ _ _ _ _ _ _ _ _ _ _ _ _ _ _ _ _ _ _ _ _ _
C:\Users\rohan\AppData\Roaming\uv\python\cpython-3.12.9-windows-x86_64-none\Lib\contextlib.py:137: in __enter__
    return next(self.gen)
           ^^^^^^^^^^^^^^
C:\Users\rohan\AppData\Roaming\uv\python\cpython-3.12.9-windows-x86_64-none\Lib\unittest\mock.py:1375: in decoration_helper
    arg = exit_stack.enter_context(patching)
          ^^^^^^^^^^^^^^^^^^^^^^^^^^^^^^^^^^
C:\Users\rohan\AppData\Roaming\uv\python\cpython-3.12.9-windows-x86_64-none\Lib\contextlib.py:526: in enter_context
    result = _enter(cm)
             ^^^^^^^^^^
C:\Users\rohan\AppData\Roaming\uv\python\cpython-3.12.9-windows-x86_64-none\Lib\unittest\mock.py:1467: in __enter__
    original, local = self.get_original()
                      ^^^^^^^^^^^^^^^^^^^
_ _ _ _ _ _ _ _ _ _ _ _ _ _ _ _ _ _ _ _ _ _ _ _ _ _ _ _ _ _ _ _ _ _ _ _ _ _ _ _

self = <unittest.mock._patch object at 0x000001ADAB9200E0>

    def get_original(self):
        target = self.getter()
        name = self.attribute
    
        original = DEFAULT
        local = False
    
        try:
            original = target.__dict__[name]
        except (AttributeError, KeyError):
            original = getattr(target, name, DEFAULT)
        else:
            local = True
    
        if name in _builtins and isinstance(target, ModuleType):
            self.create = True
    
        if not self.create and original is DEFAULT:
>           raise AttributeError(
                "%s does not have the attribute %r" % (target, name)
            )
E           AttributeError: <module 'app.agentic' from 'D:\\Openresearch\\ai-service\\app\\agentic.py'> does not have the attribute 'mcp_client'

C:\Users\rohan\AppData\Roaming\uv\python\cpython-3.12.9-windows-x86_64-none\Lib\unittest\mock.py:1437: AttributeError
_________________ TestFormatMemoryContext.test_empty_context __________________

self = <tests.test_agentic.TestFormatMemoryContext object at 0x000001ADAB923410>

    def test_empty_context(self):
>       result = AgenticService._format_memory_context([])
                 ^^^^^^^^^^^^^^^^^^^^^^^^^^^^^^^^^^^^^
E       AttributeError: type object 'AgenticService' has no attribute '_format_memory_context'

tests\test_agentic.py:164: AttributeError
_________________ TestFormatMemoryContext.test_with_text_key __________________

self = <tests.test_agentic.TestFormatMemoryContext object at 0x000001ADAB944500>

    def test_with_text_key(self):
        mem = [{"text": "first memory"}, {"text": "second memory"}]
>       result = AgenticService._format_memory_context(mem)
                 ^^^^^^^^^^^^^^^^^^^^^^^^^^^^^^^^^^^^^
E       AttributeError: type object 'AgenticService' has no attribute '_format_memory_context'

tests\test_agentic.py:169: AttributeError
________________ TestFormatMemoryContext.test_with_memory_key _________________

self = <tests.test_agentic.TestFormatMemoryContext object at 0x000001ADAB944080>

    def test_with_memory_key(self):
        mem = [{"memory": "recalled fact"}]
>       result = AgenticService._format_memory_context(mem)
                 ^^^^^^^^^^^^^^^^^^^^^^^^^^^^^^^^^^^^^
E       AttributeError: type object 'AgenticService' has no attribute '_format_memory_context'

tests\test_agentic.py:175: AttributeError
________________ TestFormatMemoryContext.test_fallback_to_str _________________

self = <tests.test_agentic.TestFormatMemoryContext object at 0x000001ADAB944920>

    def test_fallback_to_str(self):
        mem = [{"some_unexpected": "data"}]
>       result = AgenticService._format_memory_context(mem)
                 ^^^^^^^^^^^^^^^^^^^^^^^^^^^^^^^^^^^^^
E       AttributeError: type object 'AgenticService' has no attribute '_format_memory_context'

tests\test_agentic.py:180: AttributeError
______________ TestFormatMemoryContext.test_paper_retrieval_tool ______________

self = <Coroutine test_paper_retrieval_tool>

    def runtest(self) -> None:
        runner_fixture_id = f"_{self._loop_scope}_scoped_runner"
        runner = self._request.getfixturevalue(runner_fixture_id)
        context = contextvars.copy_context()
        synchronized_obj = _synchronize_coroutine(
            getattr(*self._synchronization_target_attr), runner, context
        )
        with MonkeyPatch.context() as c:
            c.setattr(*self._synchronization_target_attr, synchronized_obj)
>           super().runtest()

.venv\Lib\site-packages\pytest_asyncio\plugin.py:469: 
_ _ _ _ _ _ _ _ _ _ _ _ _ _ _ _ _ _ _ _ _ _ _ _ _ _ _ _ _ _ _ _ _ _ _ _ _ _ _ _
.venv\Lib\site-packages\pytest_asyncio\plugin.py:716: in inner
    runner.run(coro, context=context)
C:\Users\rohan\AppData\Roaming\uv\python\cpython-3.12.9-windows-x86_64-none\Lib\asyncio\runners.py:118: in run
    return self._loop.run_until_complete(task)
           ^^^^^^^^^^^^^^^^^^^^^^^^^^^^^^^^^^^
C:\Users\rohan\AppData\Roaming\uv\python\cpython-3.12.9-windows-x86_64-none\Lib\asyncio\base_events.py:691: in run_until_complete
    return future.result()
           ^^^^^^^^^^^^^^^
C:\Users\rohan\AppData\Roaming\uv\python\cpython-3.12.9-windows-x86_64-none\Lib\unittest\mock.py:1410: in patched
    with self.decoration_helper(patched,
C:\Users\rohan\AppData\Roaming\uv\python\cpython-3.12.9-windows-x86_64-none\Lib\contextlib.py:137: in __enter__
    return next(self.gen)
           ^^^^^^^^^^^^^^
C:\Users\rohan\AppData\Roaming\uv\python\cpython-3.12.9-windows-x86_64-none\Lib\unittest\mock.py:1375: in decoration_helper
    arg = exit_stack.enter_context(patching)
          ^^^^^^^^^^^^^^^^^^^^^^^^^^^^^^^^^^
C:\Users\rohan\AppData\Roaming\uv\python\cpython-3.12.9-windows-x86_64-none\Lib\contextlib.py:526: in enter_context
    result = _enter(cm)
             ^^^^^^^^^^
C:\Users\rohan\AppData\Roaming\uv\python\cpython-3.12.9-windows-x86_64-none\Lib\unittest\mock.py:1467: in __enter__
    original, local = self.get_original()
                      ^^^^^^^^^^^^^^^^^^^
_ _ _ _ _ _ _ _ _ _ _ _ _ _ _ _ _ _ _ _ _ _ _ _ _ _ _ _ _ _ _ _ _ _ _ _ _ _ _ _

self = <unittest.mock._patch object at 0x000001ADAB920620>

    def get_original(self):
        target = self.getter()
        name = self.attribute
    
        original = DEFAULT
        local = False
    
        try:
            original = target.__dict__[name]
        except (AttributeError, KeyError):
            original = getattr(target, name, DEFAULT)
        else:
            local = True
    
        if name in _builtins and isinstance(target, ModuleType):
            self.create = True
    
        if not self.create and original is DEFAULT:
>           raise AttributeError(
                "%s does not have the attribute %r" % (target, name)
            )
E           AttributeError: <module 'app.agentic' from 'D:\\Openresearch\\ai-service\\app\\agentic.py'> does not have the attribute 'mcp_client'

C:\Users\rohan\AppData\Roaming\uv\python\cpython-3.12.9-windows-x86_64-none\Lib\unittest\mock.py:1437: AttributeError
________________ TestFormatMemoryContext.test_fact_check_tool _________________

self = <tests.test_agentic.TestFormatMemoryContext object at 0x000001ADAB9458E0>
initialized_service = <app.agentic.AgenticService object at 0x000001ADABA078C0>

    @pytest.mark.asyncio
    async def test_fact_check_tool(self, initialized_service):
>       with patch.object(initialized_service, "_load_memory", AsyncMock(return_value=[])):
             ^^^^^^^^^^^^^^^^^^^^^^^^^^^^^^^^^^^^^^^^^^^^^^^^^^^^^^^^^^^^^^^^^^^^^^^^^^^^^

tests\test_agentic.py:228: 
_ _ _ _ _ _ _ _ _ _ _ _ _ _ _ _ _ _ _ _ _ _ _ _ _ _ _ _ _ _ _ _ _ _ _ _ _ _ _ _
C:\Users\rohan\AppData\Roaming\uv\python\cpython-3.12.9-windows-x86_64-none\Lib\unittest\mock.py:1467: in __enter__
    original, local = self.get_original()
                      ^^^^^^^^^^^^^^^^^^^
_ _ _ _ _ _ _ _ _ _ _ _ _ _ _ _ _ _ _ _ _ _ _ _ _ _ _ _ _ _ _ _ _ _ _ _ _ _ _ _

self = <unittest.mock._patch object at 0x000001ADACE29DF0>

    def get_original(self):
        target = self.getter()
        name = self.attribute
    
        original = DEFAULT
        local = False
    
        try:
            original = target.__dict__[name]
        except (AttributeError, KeyError):
            original = getattr(target, name, DEFAULT)
        else:
            local = True
    
        if name in _builtins and isinstance(target, ModuleType):
            self.create = True
    
        if not self.create and original is DEFAULT:
>           raise AttributeError(
                "%s does not have the attribute %r" % (target, name)
            )
E           AttributeError: <app.agentic.AgenticService object at 0x000001ADABA078C0> does not have the attribute '_load_memory'

C:\Users\rohan\AppData\Roaming\uv\python\cpython-3.12.9-windows-x86_64-none\Lib\unittest\mock.py:1437: AttributeError
______________ TestFormatMemoryContext.test_research_mentor_tool ______________

self = <Coroutine test_research_mentor_tool>

    def runtest(self) -> None:
        runner_fixture_id = f"_{self._loop_scope}_scoped_runner"
        runner = self._request.getfixturevalue(runner_fixture_id)
        context = contextvars.copy_context()
        synchronized_obj = _synchronize_coroutine(
            getattr(*self._synchronization_target_attr), runner, context
        )
        with MonkeyPatch.context() as c:
            c.setattr(*self._synchronization_target_attr, synchronized_obj)
>           super().runtest()

.venv\Lib\site-packages\pytest_asyncio\plugin.py:469: 
_ _ _ _ _ _ _ _ _ _ _ _ _ _ _ _ _ _ _ _ _ _ _ _ _ _ _ _ _ _ _ _ _ _ _ _ _ _ _ _
.venv\Lib\site-packages\pytest_asyncio\plugin.py:716: in inner
    runner.run(coro, context=context)
C:\Users\rohan\AppData\Roaming\uv\python\cpython-3.12.9-windows-x86_64-none\Lib\asyncio\runners.py:118: in run
    return self._loop.run_until_complete(task)
           ^^^^^^^^^^^^^^^^^^^^^^^^^^^^^^^^^^^
C:\Users\rohan\AppData\Roaming\uv\python\cpython-3.12.9-windows-x86_64-none\Lib\asyncio\base_events.py:691: in run_until_complete
    return future.result()
           ^^^^^^^^^^^^^^^
C:\Users\rohan\AppData\Roaming\uv\python\cpython-3.12.9-windows-x86_64-none\Lib\unittest\mock.py:1410: in patched
    with self.decoration_helper(patched,
C:\Users\rohan\AppData\Roaming\uv\python\cpython-3.12.9-windows-x86_64-none\Lib\contextlib.py:137: in __enter__
    return next(self.gen)
           ^^^^^^^^^^^^^^
C:\Users\rohan\AppData\Roaming\uv\python\cpython-3.12.9-windows-x86_64-none\Lib\unittest\mock.py:1375: in decoration_helper
    arg = exit_stack.enter_context(patching)
          ^^^^^^^^^^^^^^^^^^^^^^^^^^^^^^^^^^
C:\Users\rohan\AppData\Roaming\uv\python\cpython-3.12.9-windows-x86_64-none\Lib\contextlib.py:526: in enter_context
    result = _enter(cm)
             ^^^^^^^^^^
C:\Users\rohan\AppData\Roaming\uv\python\cpython-3.12.9-windows-x86_64-none\Lib\unittest\mock.py:1467: in __enter__
    original, local = self.get_original()
                      ^^^^^^^^^^^^^^^^^^^
_ _ _ _ _ _ _ _ _ _ _ _ _ _ _ _ _ _ _ _ _ _ _ _ _ _ _ _ _ _ _ _ _ _ _ _ _ _ _ _

self = <unittest.mock._patch object at 0x000001ADAB920AD0>

    def get_original(self):
        target = self.getter()
        name = self.attribute
    
        original = DEFAULT
        local = False
    
        try:
            original = target.__dict__[name]
        except (AttributeError, KeyError):
            original = getattr(target, name, DEFAULT)
        else:
            local = True
    
        if name in _builtins and isinstance(target, ModuleType):
            self.create = True
    
        if not self.create and original is DEFAULT:
>           raise AttributeError(
                "%s does not have the attribute %r" % (target, name)
            )
E           AttributeError: <module 'app.agentic' from 'D:\\Openresearch\\ai-service\\app\\agentic.py'> does not have the attribute 'mem0_adapter'

C:\Users\rohan\AppData\Roaming\uv\python\cpython-3.12.9-windows-x86_64-none\Lib\unittest\mock.py:1437: AttributeError
_____________ TestFormatMemoryContext.test_research_planning_tool _____________

self = <Coroutine test_research_planning_tool>

    def runtest(self) -> None:
        runner_fixture_id = f"_{self._loop_scope}_scoped_runner"
        runner = self._request.getfixturevalue(runner_fixture_id)
        context = contextvars.copy_context()
        synchronized_obj = _synchronize_coroutine(
            getattr(*self._synchronization_target_attr), runner, context
        )
        with MonkeyPatch.context() as c:
            c.setattr(*self._synchronization_target_attr, synchronized_obj)
>           super().runtest()

.venv\Lib\site-packages\pytest_asyncio\plugin.py:469: 
_ _ _ _ _ _ _ _ _ _ _ _ _ _ _ _ _ _ _ _ _ _ _ _ _ _ _ _ _ _ _ _ _ _ _ _ _ _ _ _
.venv\Lib\site-packages\pytest_asyncio\plugin.py:716: in inner
    runner.run(coro, context=context)
C:\Users\rohan\AppData\Roaming\uv\python\cpython-3.12.9-windows-x86_64-none\Lib\asyncio\runners.py:118: in run
    return self._loop.run_until_complete(task)
           ^^^^^^^^^^^^^^^^^^^^^^^^^^^^^^^^^^^
C:\Users\rohan\AppData\Roaming\uv\python\cpython-3.12.9-windows-x86_64-none\Lib\asyncio\base_events.py:691: in run_until_complete
    return future.result()
           ^^^^^^^^^^^^^^^
C:\Users\rohan\AppData\Roaming\uv\python\cpython-3.12.9-windows-x86_64-none\Lib\unittest\mock.py:1410: in patched
    with self.decoration_helper(patched,
C:\Users\rohan\AppData\Roaming\uv\python\cpython-3.12.9-windows-x86_64-none\Lib\contextlib.py:137: in __enter__
    return next(self.gen)
           ^^^^^^^^^^^^^^
C:\Users\rohan\AppData\Roaming\uv\python\cpython-3.12.9-windows-x86_64-none\Lib\unittest\mock.py:1375: in decoration_helper
    arg = exit_stack.enter_context(patching)
          ^^^^^^^^^^^^^^^^^^^^^^^^^^^^^^^^^^
C:\Users\rohan\AppData\Roaming\uv\python\cpython-3.12.9-windows-x86_64-none\Lib\contextlib.py:526: in enter_context
    result = _enter(cm)
             ^^^^^^^^^^
C:\Users\rohan\AppData\Roaming\uv\python\cpython-3.12.9-windows-x86_64-none\Lib\unittest\mock.py:1467: in __enter__
    original, local = self.get_original()
                      ^^^^^^^^^^^^^^^^^^^
_ _ _ _ _ _ _ _ _ _ _ _ _ _ _ _ _ _ _ _ _ _ _ _ _ _ _ _ _ _ _ _ _ _ _ _ _ _ _ _

self = <unittest.mock._patch object at 0x000001ADAB920D10>

    def get_original(self):
        target = self.getter()
        name = self.attribute
    
        original = DEFAULT
        local = False
    
        try:
            original = target.__dict__[name]
        except (AttributeError, KeyError):
            original = getattr(target, name, DEFAULT)
        else:
            local = True
    
        if name in _builtins and isinstance(target, ModuleType):
            self.create = True
    
        if not self.create and original is DEFAULT:
>           raise AttributeError(
                "%s does not have the attribute %r" % (target, name)
            )
E           AttributeError: <module 'app.agentic' from 'D:\\Openresearch\\ai-service\\app\\agentic.py'> does not have the attribute 'mem0_adapter'

C:\Users\rohan\AppData\Roaming\uv\python\cpython-3.12.9-windows-x86_64-none\Lib\unittest\mock.py:1437: AttributeError
___________ TestFormatMemoryContext.test_run_task_routes_correctly ____________

self = <tests.test_agentic.TestFormatMemoryContext object at 0x000001ADAB923590>
mock_classify = <MagicMock name='classify_intent' id='1845441083536'>
initialized_service = <app.agentic.AgenticService object at 0x000001ADACDD8DD0>

    @pytest.mark.asyncio
    @patch("app.agentic.classify_intent")
    async def test_run_task_routes_correctly(self, mock_classify, initialized_service):
        # The primary deep agent is a mock
        initialized_service._agent = AsyncMock()
        initialized_service._agent.ainvoke.return_value = {
            "messages": [MagicMock(content="mock generated response")]
        }
    
        result = await initialized_service.run_task("fact_check", {
            "prompt": "@ai verify this claim",
            "group_id": "g1",
            "user_id": "u1",
        })
    
        assert result["task_type"] == "fact_check"
        assert "result" in result
>       assert result["result"]["final_response"] == "mock generated response"
               ^^^^^^^^^^^^^^^^^^^^^^^^^^^^^^^^^^
E       KeyError: 'final_response'

tests\test_agentic.py:293: KeyError
------------------------------ Captured log call ------------------------------
ERROR    app.agentic:agentic.py:814 DeepAgent execution failed: Unsupported message type: <class 'unittest.mock.AsyncMock'>
For troubleshooting, visit: https://docs.langchain.com/oss/python/langchain/errors/MESSAGE_COERCION_FAILURE 
Traceback (most recent call last):
  File "D:\Openresearch\ai-service\app\agentic.py", line 794, in run_task
    final_state = await agent.ainvoke(
                  ^^^^^^^^^^^^^^^^^^^^
  File "D:\Openresearch\ai-service\.venv\Lib\site-packages\langgraph\pregel\main.py", line 3161, in ainvoke
    async for chunk in self.astream(
  File "D:\Openresearch\ai-service\.venv\Lib\site-packages\langgraph\pregel\main.py", line 2974, in astream
    async for _ in runner.atick(
  File "D:\Openresearch\ai-service\.venv\Lib\site-packages\langgraph\pregel\_runner.py", line 304, in atick
    await arun_with_retry(
  File "D:\Openresearch\ai-service\.venv\Lib\site-packages\langgraph\pregel\_retry.py", line 138, in arun_with_retry
    return await task.proc.ainvoke(task.input, config)
           ^^^^^^^^^^^^^^^^^^^^^^^^^^^^^^^^^^^^^^^^^^^
  File "D:\Openresearch\ai-service\.venv\Lib\site-packages\langgraph\_internal\_runnable.py", line 711, in ainvoke
    input = await step.ainvoke(input, config)
            ^^^^^^^^^^^^^^^^^^^^^^^^^^^^^^^^^
  File "D:\Openresearch\ai-service\.venv\Lib\site-packages\langgraph\_internal\_runnable.py", line 473, in ainvoke
    ret = await self.afunc(*args, **kwargs)
          ^^^^^^^^^^^^^^^^^^^^^^^^^^^^^^^^^
  File "D:\Openresearch\ai-service\.venv\Lib\site-packages\langgraph\graph\_branch.py", line 178, in _aroute
    value = reader(config)
            ^^^^^^^^^^^^^^
  File "D:\Openresearch\ai-service\.venv\Lib\site-packages\langgraph\pregel\_read.py", line 89, in do_read
    return read(select, fresh)
           ^^^^^^^^^^^^^^^^^^^
  File "D:\Openresearch\ai-service\.venv\Lib\site-packages\langgraph\pregel\_algo.py", line 201, in local_read
    cc.update(updated[k])
  File "D:\Openresearch\ai-service\.venv\Lib\site-packages\langgraph\channels\binop.py", line 122, in update
    self.value = self.operator(self.value, value)
                 ^^^^^^^^^^^^^^^^^^^^^^^^^^^^^^^^
  File "D:\Openresearch\ai-service\.venv\Lib\site-packages\langgraph\graph\message.py", line 46, in _add_messages
    return func(left, right, **kwargs)
           ^^^^^^^^^^^^^^^^^^^^^^^^^^^
  File "D:\Openresearch\ai-service\.venv\Lib\site-packages\langgraph\graph\message.py", line 200, in add_messages
    for m in convert_to_messages(right)
             ^^^^^^^^^^^^^^^^^^^^^^^^^^
  File "D:\Openresearch\ai-service\.venv\Lib\site-packages\langchain_core\messages\utils.py", line 412, in convert_to_messages
    return [_convert_to_message(m) for m in messages]
            ^^^^^^^^^^^^^^^^^^^^^^
  File "D:\Openresearch\ai-service\.venv\Lib\site-packages\langchain_core\messages\utils.py", line 390, in _convert_to_message
    raise NotImplementedError(msg)
NotImplementedError: Unsupported message type: <class 'unittest.mock.AsyncMock'>
For troubleshooting, visit: https://docs.langchain.com/oss/python/langchain/errors/MESSAGE_COERCION_FAILURE 
During task with name 'agent' and id 'e344c111-b9f5-7172-43ce-76352365ef06'
___________ TestErrorBoundaries.test_paper_retrieval_error_boundary ___________

self = <Coroutine test_paper_retrieval_error_boundary>

    def runtest(self) -> None:
        runner_fixture_id = f"_{self._loop_scope}_scoped_runner"
        runner = self._request.getfixturevalue(runner_fixture_id)
        context = contextvars.copy_context()
        synchronized_obj = _synchronize_coroutine(
            getattr(*self._synchronization_target_attr), runner, context
        )
        with MonkeyPatch.context() as c:
            c.setattr(*self._synchronization_target_attr, synchronized_obj)
>           super().runtest()

.venv\Lib\site-packages\pytest_asyncio\plugin.py:469: 
_ _ _ _ _ _ _ _ _ _ _ _ _ _ _ _ _ _ _ _ _ _ _ _ _ _ _ _ _ _ _ _ _ _ _ _ _ _ _ _
.venv\Lib\site-packages\pytest_asyncio\plugin.py:716: in inner
    runner.run(coro, context=context)
C:\Users\rohan\AppData\Roaming\uv\python\cpython-3.12.9-windows-x86_64-none\Lib\asyncio\runners.py:118: in run
    return self._loop.run_until_complete(task)
           ^^^^^^^^^^^^^^^^^^^^^^^^^^^^^^^^^^^
C:\Users\rohan\AppData\Roaming\uv\python\cpython-3.12.9-windows-x86_64-none\Lib\asyncio\base_events.py:691: in run_until_complete
    return future.result()
           ^^^^^^^^^^^^^^^
C:\Users\rohan\AppData\Roaming\uv\python\cpython-3.12.9-windows-x86_64-none\Lib\unittest\mock.py:1410: in patched
    with self.decoration_helper(patched,
C:\Users\rohan\AppData\Roaming\uv\python\cpython-3.12.9-windows-x86_64-none\Lib\contextlib.py:137: in __enter__
    return next(self.gen)
           ^^^^^^^^^^^^^^
C:\Users\rohan\AppData\Roaming\uv\python\cpython-3.12.9-windows-x86_64-none\Lib\unittest\mock.py:1375: in decoration_helper
    arg = exit_stack.enter_context(patching)
          ^^^^^^^^^^^^^^^^^^^^^^^^^^^^^^^^^^
C:\Users\rohan\AppData\Roaming\uv\python\cpython-3.12.9-windows-x86_64-none\Lib\contextlib.py:526: in enter_context
    result = _enter(cm)
             ^^^^^^^^^^
C:\Users\rohan\AppData\Roaming\uv\python\cpython-3.12.9-windows-x86_64-none\Lib\unittest\mock.py:1467: in __enter__
    original, local = self.get_original()
                      ^^^^^^^^^^^^^^^^^^^
_ _ _ _ _ _ _ _ _ _ _ _ _ _ _ _ _ _ _ _ _ _ _ _ _ _ _ _ _ _ _ _ _ _ _ _ _ _ _ _

self = <unittest.mock._patch object at 0x000001ADAB920FB0>

    def get_original(self):
        target = self.getter()
        name = self.attribute
    
        original = DEFAULT
        local = False
    
        try:
            original = target.__dict__[name]
        except (AttributeError, KeyError):
            original = getattr(target, name, DEFAULT)
        else:
            local = True
    
        if name in _builtins and isinstance(target, ModuleType):
            self.create = True
    
        if not self.create and original is DEFAULT:
>           raise AttributeError(
                "%s does not have the attribute %r" % (target, name)
            )
E           AttributeError: <module 'app.agentic' from 'D:\\Openresearch\\ai-service\\app\\agentic.py'> does not have the attribute 'mcp_client'

C:\Users\rohan\AppData\Roaming\uv\python\cpython-3.12.9-windows-x86_64-none\Lib\unittest\mock.py:1437: AttributeError
__________ TestErrorBoundaries.test_literature_survey_error_boundary __________

self = <tests.test_agentic.TestErrorBoundaries object at 0x000001ADAB9464B0>
mock_db = <MagicMock name='database' id='1845420382864'>
initialized_service = <app.agentic.AgenticService object at 0x000001ADAB9237A0>

    @pytest.mark.asyncio
    @patch("app.agentic.database")
    async def test_literature_survey_error_boundary(self, mock_db, initialized_service):
        mock_db.is_connected = True
        mock_db.get_group_papers = AsyncMock(return_value=[])
        # Force LLM to raise
        initialized_service._llm.ainvoke = AsyncMock(side_effect=RuntimeError("LLM fail"))
    
        result = await initialized_service._tool_survey_literature(
             query="find papers", config={"configurable": {"group_id": "g", "user_id": "u"
        }})
>       assert "Error surveying literature" in result
E       AssertionError: assert 'Error surveying literature' in 'No papers available to survey even after retrieval attempt.'

tests\test_agentic.py:331: AssertionError
------------------------------ Captured log call ------------------------------
WARNING  app.agentic:agentic.py:484 Paper retrieval failed: Client error '429 Unknown Error' for url 'https://export.arxiv.org/api/query?search_query=all%3Afind+papers&start=0&max_results=10&sortBy=relevance&sortOrder=descending'
For more information check: https://developer.mozilla.org/en-US/docs/Web/HTTP/Status/429
_____________ TestErrorBoundaries.test_fact_check_error_boundary ______________

self = <tests.test_agentic.TestErrorBoundaries object at 0x000001ADAB945AC0>
initialized_service = <app.agentic.AgenticService object at 0x000001ADACDB5250>

    @pytest.mark.asyncio
    async def test_fact_check_error_boundary(self, initialized_service):
>       with patch.object(initialized_service, "_load_memory", AsyncMock(side_effect=RuntimeError("memory fail"))):
             ^^^^^^^^^^^^^^^^^^^^^^^^^^^^^^^^^^^^^^^^^^^^^^^^^^^^^^^^^^^^^^^^^^^^^^^^^^^^^^^^^^^^^^^^^^^^^^^^^^^^^

tests\test_agentic.py:335: 
_ _ _ _ _ _ _ _ _ _ _ _ _ _ _ _ _ _ _ _ _ _ _ _ _ _ _ _ _ _ _ _ _ _ _ _ _ _ _ _
C:\Users\rohan\AppData\Roaming\uv\python\cpython-3.12.9-windows-x86_64-none\Lib\unittest\mock.py:1467: in __enter__
    original, local = self.get_original()
                      ^^^^^^^^^^^^^^^^^^^
_ _ _ _ _ _ _ _ _ _ _ _ _ _ _ _ _ _ _ _ _ _ _ _ _ _ _ _ _ _ _ _ _ _ _ _ _ _ _ _

self = <unittest.mock._patch object at 0x000001ADACDBB4D0>

    def get_original(self):
        target = self.getter()
        name = self.attribute
    
        original = DEFAULT
        local = False
    
        try:
            original = target.__dict__[name]
        except (AttributeError, KeyError):
            original = getattr(target, name, DEFAULT)
        else:
            local = True
    
        if name in _builtins and isinstance(target, ModuleType):
            self.create = True
    
        if not self.create and original is DEFAULT:
>           raise AttributeError(
                "%s does not have the attribute %r" % (target, name)
            )
E           AttributeError: <app.agentic.AgenticService object at 0x000001ADACDB5250> does not have the attribute '_load_memory'

C:\Users\rohan\AppData\Roaming\uv\python\cpython-3.12.9-windows-x86_64-none\Lib\unittest\mock.py:1437: AttributeError
___________ TestErrorBoundaries.test_research_mentor_error_boundary ___________

self = <tests.test_agentic.TestErrorBoundaries object at 0x000001ADAB944E30>
initialized_service = <app.agentic.AgenticService object at 0x000001ADABA623C0>

    @pytest.mark.asyncio
    async def test_research_mentor_error_boundary(self, initialized_service):
        initialized_service._llm.ainvoke = AsyncMock(side_effect=ValueError("bad model"))
>       with patch.object(initialized_service, "_load_memory", AsyncMock(return_value=[])):
             ^^^^^^^^^^^^^^^^^^^^^^^^^^^^^^^^^^^^^^^^^^^^^^^^^^^^^^^^^^^^^^^^^^^^^^^^^^^^^

tests\test_agentic.py:356: 
_ _ _ _ _ _ _ _ _ _ _ _ _ _ _ _ _ _ _ _ _ _ _ _ _ _ _ _ _ _ _ _ _ _ _ _ _ _ _ _
C:\Users\rohan\AppData\Roaming\uv\python\cpython-3.12.9-windows-x86_64-none\Lib\unittest\mock.py:1467: in __enter__
    original, local = self.get_original()
                      ^^^^^^^^^^^^^^^^^^^
_ _ _ _ _ _ _ _ _ _ _ _ _ _ _ _ _ _ _ _ _ _ _ _ _ _ _ _ _ _ _ _ _ _ _ _ _ _ _ _

self = <unittest.mock._patch object at 0x000001ADABA47950>

    def get_original(self):
        target = self.getter()
        name = self.attribute
    
        original = DEFAULT
        local = False
    
        try:
            original = target.__dict__[name]
        except (AttributeError, KeyError):
            original = getattr(target, name, DEFAULT)
        else:
            local = True
    
        if name in _builtins and isinstance(target, ModuleType):
            self.create = True
    
        if not self.create and original is DEFAULT:
>           raise AttributeError(
                "%s does not have the attribute %r" % (target, name)
            )
E           AttributeError: <app.agentic.AgenticService object at 0x000001ADABA623C0> does not have the attribute '_load_memory'

C:\Users\rohan\AppData\Roaming\uv\python\cpython-3.12.9-windows-x86_64-none\Lib\unittest\mock.py:1437: AttributeError
__________ TestErrorBoundaries.test_research_planning_error_boundary __________

self = <tests.test_agentic.TestErrorBoundaries object at 0x000001ADAB946DB0>
initialized_service = <app.agentic.AgenticService object at 0x000001ADABA510D0>

    @pytest.mark.asyncio
    async def test_research_planning_error_boundary(self, initialized_service):
        initialized_service._llm.ainvoke = AsyncMock(side_effect=RuntimeError("model crashed"))
    
>       with patch.object(initialized_service, "_load_memory", AsyncMock(return_value=[])):
             ^^^^^^^^^^^^^^^^^^^^^^^^^^^^^^^^^^^^^^^^^^^^^^^^^^^^^^^^^^^^^^^^^^^^^^^^^^^^^

tests\test_agentic.py:378: 
_ _ _ _ _ _ _ _ _ _ _ _ _ _ _ _ _ _ _ _ _ _ _ _ _ _ _ _ _ _ _ _ _ _ _ _ _ _ _ _
C:\Users\rohan\AppData\Roaming\uv\python\cpython-3.12.9-windows-x86_64-none\Lib\unittest\mock.py:1467: in __enter__
    original, local = self.get_original()
                      ^^^^^^^^^^^^^^^^^^^
_ _ _ _ _ _ _ _ _ _ _ _ _ _ _ _ _ _ _ _ _ _ _ _ _ _ _ _ _ _ _ _ _ _ _ _ _ _ _ _

self = <unittest.mock._patch object at 0x000001ADAD070740>

    def get_original(self):
        target = self.getter()
        name = self.attribute
    
        original = DEFAULT
        local = False
    
        try:
            original = target.__dict__[name]
        except (AttributeError, KeyError):
            original = getattr(target, name, DEFAULT)
        else:
            local = True
    
        if name in _builtins and isinstance(target, ModuleType):
            self.create = True
    
        if not self.create and original is DEFAULT:
>           raise AttributeError(
                "%s does not have the attribute %r" % (target, name)
            )
E           AttributeError: <app.agentic.AgenticService object at 0x000001ADABA510D0> does not have the attribute '_load_memory'

C:\Users\rohan\AppData\Roaming\uv\python\cpython-3.12.9-windows-x86_64-none\Lib\unittest\mock.py:1437: AttributeError
______________ TestCollectSources.test_fallback_to_group_papers _______________

self = <Coroutine test_fallback_to_group_papers>

    def runtest(self) -> None:
        runner_fixture_id = f"_{self._loop_scope}_scoped_runner"
        runner = self._request.getfixturevalue(runner_fixture_id)
        context = contextvars.copy_context()
        synchronized_obj = _synchronize_coroutine(
            getattr(*self._synchronization_target_attr), runner, context
        )
        with MonkeyPatch.context() as c:
            c.setattr(*self._synchronization_target_attr, synchronized_obj)
>           super().runtest()

.venv\Lib\site-packages\pytest_asyncio\plugin.py:469: 
_ _ _ _ _ _ _ _ _ _ _ _ _ _ _ _ _ _ _ _ _ _ _ _ _ _ _ _ _ _ _ _ _ _ _ _ _ _ _ _
.venv\Lib\site-packages\pytest_asyncio\plugin.py:716: in inner
    runner.run(coro, context=context)
C:\Users\rohan\AppData\Roaming\uv\python\cpython-3.12.9-windows-x86_64-none\Lib\asyncio\runners.py:118: in run
    return self._loop.run_until_complete(task)
           ^^^^^^^^^^^^^^^^^^^^^^^^^^^^^^^^^^^
C:\Users\rohan\AppData\Roaming\uv\python\cpython-3.12.9-windows-x86_64-none\Lib\asyncio\base_events.py:691: in run_until_complete
    return future.result()
           ^^^^^^^^^^^^^^^
C:\Users\rohan\AppData\Roaming\uv\python\cpython-3.12.9-windows-x86_64-none\Lib\unittest\mock.py:1410: in patched
    with self.decoration_helper(patched,
C:\Users\rohan\AppData\Roaming\uv\python\cpython-3.12.9-windows-x86_64-none\Lib\contextlib.py:137: in __enter__
    return next(self.gen)
           ^^^^^^^^^^^^^^
C:\Users\rohan\AppData\Roaming\uv\python\cpython-3.12.9-windows-x86_64-none\Lib\unittest\mock.py:1375: in decoration_helper
    arg = exit_stack.enter_context(patching)
          ^^^^^^^^^^^^^^^^^^^^^^^^^^^^^^^^^^
C:\Users\rohan\AppData\Roaming\uv\python\cpython-3.12.9-windows-x86_64-none\Lib\contextlib.py:526: in enter_context
    result = _enter(cm)
             ^^^^^^^^^^
C:\Users\rohan\AppData\Roaming\uv\python\cpython-3.12.9-windows-x86_64-none\Lib\unittest\mock.py:1467: in __enter__
    original, local = self.get_original()
                      ^^^^^^^^^^^^^^^^^^^
_ _ _ _ _ _ _ _ _ _ _ _ _ _ _ _ _ _ _ _ _ _ _ _ _ _ _ _ _ _ _ _ _ _ _ _ _ _ _ _

self = <unittest.mock._patch object at 0x000001ADAB9216D0>

    def get_original(self):
        target = self.getter()
        name = self.attribute
    
        original = DEFAULT
        local = False
    
        try:
            original = target.__dict__[name]
        except (AttributeError, KeyError):
            original = getattr(target, name, DEFAULT)
        else:
            local = True
    
        if name in _builtins and isinstance(target, ModuleType):
            self.create = True
    
        if not self.create and original is DEFAULT:
>           raise AttributeError(
                "%s does not have the attribute %r" % (target, name)
            )
E           AttributeError: <module 'app.agentic' from 'D:\\Openresearch\\ai-service\\app\\agentic.py'> does not have the attribute 'mcp_client'

C:\Users\rohan\AppData\Roaming\uv\python\cpython-3.12.9-windows-x86_64-none\Lib\unittest\mock.py:1437: AttributeError
________________ TestCollectSources.test_mcp_source_collection ________________

self = <Coroutine test_mcp_source_collection>

    def runtest(self) -> None:
        runner_fixture_id = f"_{self._loop_scope}_scoped_runner"
        runner = self._request.getfixturevalue(runner_fixture_id)
        context = contextvars.copy_context()
        synchronized_obj = _synchronize_coroutine(
            getattr(*self._synchronization_target_attr), runner, context
        )
        with MonkeyPatch.context() as c:
            c.setattr(*self._synchronization_target_attr, synchronized_obj)
>           super().runtest()

.venv\Lib\site-packages\pytest_asyncio\plugin.py:469: 
_ _ _ _ _ _ _ _ _ _ _ _ _ _ _ _ _ _ _ _ _ _ _ _ _ _ _ _ _ _ _ _ _ _ _ _ _ _ _ _
.venv\Lib\site-packages\pytest_asyncio\plugin.py:716: in inner
    runner.run(coro, context=context)
C:\Users\rohan\AppData\Roaming\uv\python\cpython-3.12.9-windows-x86_64-none\Lib\asyncio\runners.py:118: in run
    return self._loop.run_until_complete(task)
           ^^^^^^^^^^^^^^^^^^^^^^^^^^^^^^^^^^^
C:\Users\rohan\AppData\Roaming\uv\python\cpython-3.12.9-windows-x86_64-none\Lib\asyncio\base_events.py:691: in run_until_complete
    return future.result()
           ^^^^^^^^^^^^^^^
C:\Users\rohan\AppData\Roaming\uv\python\cpython-3.12.9-windows-x86_64-none\Lib\unittest\mock.py:1410: in patched
    with self.decoration_helper(patched,
C:\Users\rohan\AppData\Roaming\uv\python\cpython-3.12.9-windows-x86_64-none\Lib\contextlib.py:137: in __enter__
    return next(self.gen)
           ^^^^^^^^^^^^^^
C:\Users\rohan\AppData\Roaming\uv\python\cpython-3.12.9-windows-x86_64-none\Lib\unittest\mock.py:1375: in decoration_helper
    arg = exit_stack.enter_context(patching)
          ^^^^^^^^^^^^^^^^^^^^^^^^^^^^^^^^^^
C:\Users\rohan\AppData\Roaming\uv\python\cpython-3.12.9-windows-x86_64-none\Lib\contextlib.py:526: in enter_context
    result = _enter(cm)
             ^^^^^^^^^^
C:\Users\rohan\AppData\Roaming\uv\python\cpython-3.12.9-windows-x86_64-none\Lib\unittest\mock.py:1467: in __enter__
    original, local = self.get_original()
                      ^^^^^^^^^^^^^^^^^^^
_ _ _ _ _ _ _ _ _ _ _ _ _ _ _ _ _ _ _ _ _ _ _ _ _ _ _ _ _ _ _ _ _ _ _ _ _ _ _ _

self = <unittest.mock._patch object at 0x000001ADAB921910>

    def get_original(self):
        target = self.getter()
        name = self.attribute
    
        original = DEFAULT
        local = False
    
        try:
            original = target.__dict__[name]
        except (AttributeError, KeyError):
            original = getattr(target, name, DEFAULT)
        else:
            local = True
    
        if name in _builtins and isinstance(target, ModuleType):
            self.create = True
    
        if not self.create and original is DEFAULT:
>           raise AttributeError(
                "%s does not have the attribute %r" % (target, name)
            )
E           AttributeError: <module 'app.agentic' from 'D:\\Openresearch\\ai-service\\app\\agentic.py'> does not have the attribute 'mcp_client'

C:\Users\rohan\AppData\Roaming\uv\python\cpython-3.12.9-windows-x86_64-none\Lib\unittest\mock.py:1437: AttributeError
_____________ TestCollectSources.test_failed_search_logs_warning ______________

self = <Coroutine test_failed_search_logs_warning>

    def runtest(self) -> None:
        runner_fixture_id = f"_{self._loop_scope}_scoped_runner"
        runner = self._request.getfixturevalue(runner_fixture_id)
        context = contextvars.copy_context()
        synchronized_obj = _synchronize_coroutine(
            getattr(*self._synchronization_target_attr), runner, context
        )
        with MonkeyPatch.context() as c:
            c.setattr(*self._synchronization_target_attr, synchronized_obj)
>           super().runtest()

.venv\Lib\site-packages\pytest_asyncio\plugin.py:469: 
_ _ _ _ _ _ _ _ _ _ _ _ _ _ _ _ _ _ _ _ _ _ _ _ _ _ _ _ _ _ _ _ _ _ _ _ _ _ _ _
.venv\Lib\site-packages\pytest_asyncio\plugin.py:716: in inner
    runner.run(coro, context=context)
C:\Users\rohan\AppData\Roaming\uv\python\cpython-3.12.9-windows-x86_64-none\Lib\asyncio\runners.py:118: in run
    return self._loop.run_until_complete(task)
           ^^^^^^^^^^^^^^^^^^^^^^^^^^^^^^^^^^^
C:\Users\rohan\AppData\Roaming\uv\python\cpython-3.12.9-windows-x86_64-none\Lib\asyncio\base_events.py:691: in run_until_complete
    return future.result()
           ^^^^^^^^^^^^^^^
C:\Users\rohan\AppData\Roaming\uv\python\cpython-3.12.9-windows-x86_64-none\Lib\unittest\mock.py:1410: in patched
    with self.decoration_helper(patched,
C:\Users\rohan\AppData\Roaming\uv\python\cpython-3.12.9-windows-x86_64-none\Lib\contextlib.py:137: in __enter__
    return next(self.gen)
           ^^^^^^^^^^^^^^
C:\Users\rohan\AppData\Roaming\uv\python\cpython-3.12.9-windows-x86_64-none\Lib\unittest\mock.py:1375: in decoration_helper
    arg = exit_stack.enter_context(patching)
          ^^^^^^^^^^^^^^^^^^^^^^^^^^^^^^^^^^
C:\Users\rohan\AppData\Roaming\uv\python\cpython-3.12.9-windows-x86_64-none\Lib\contextlib.py:526: in enter_context
    result = _enter(cm)
             ^^^^^^^^^^
C:\Users\rohan\AppData\Roaming\uv\python\cpython-3.12.9-windows-x86_64-none\Lib\unittest\mock.py:1467: in __enter__
    original, local = self.get_original()
                      ^^^^^^^^^^^^^^^^^^^
_ _ _ _ _ _ _ _ _ _ _ _ _ _ _ _ _ _ _ _ _ _ _ _ _ _ _ _ _ _ _ _ _ _ _ _ _ _ _ _

self = <unittest.mock._patch object at 0x000001ADAB921B80>

    def get_original(self):
        target = self.getter()
        name = self.attribute
    
        original = DEFAULT
        local = False
    
        try:
            original = target.__dict__[name]
        except (AttributeError, KeyError):
            original = getattr(target, name, DEFAULT)
        else:
            local = True
    
        if name in _builtins and isinstance(target, ModuleType):
            self.create = True
    
        if not self.create and original is DEFAULT:
>           raise AttributeError(
                "%s does not have the attribute %r" % (target, name)
            )
E           AttributeError: <module 'app.agentic' from 'D:\\Openresearch\\ai-service\\app\\agentic.py'> does not have the attribute 'mcp_client'

C:\Users\rohan\AppData\Roaming\uv\python\cpython-3.12.9-windows-x86_64-none\Lib\unittest\mock.py:1437: AttributeError
_______ TestAutoIntentClassification.test_auto_classify_when_task_empty _______

self = <Coroutine test_auto_classify_when_task_empty>

    def runtest(self) -> None:
        runner_fixture_id = f"_{self._loop_scope}_scoped_runner"
        runner = self._request.getfixturevalue(runner_fixture_id)
        context = contextvars.copy_context()
        synchronized_obj = _synchronize_coroutine(
            getattr(*self._synchronization_target_attr), runner, context
        )
        with MonkeyPatch.context() as c:
            c.setattr(*self._synchronization_target_attr, synchronized_obj)
>           super().runtest()

.venv\Lib\site-packages\pytest_asyncio\plugin.py:469: 
_ _ _ _ _ _ _ _ _ _ _ _ _ _ _ _ _ _ _ _ _ _ _ _ _ _ _ _ _ _ _ _ _ _ _ _ _ _ _ _
.venv\Lib\site-packages\pytest_asyncio\plugin.py:716: in inner
    runner.run(coro, context=context)
C:\Users\rohan\AppData\Roaming\uv\python\cpython-3.12.9-windows-x86_64-none\Lib\asyncio\runners.py:118: in run
    return self._loop.run_until_complete(task)
           ^^^^^^^^^^^^^^^^^^^^^^^^^^^^^^^^^^^
C:\Users\rohan\AppData\Roaming\uv\python\cpython-3.12.9-windows-x86_64-none\Lib\asyncio\base_events.py:691: in run_until_complete
    return future.result()
           ^^^^^^^^^^^^^^^
C:\Users\rohan\AppData\Roaming\uv\python\cpython-3.12.9-windows-x86_64-none\Lib\unittest\mock.py:1410: in patched
    with self.decoration_helper(patched,
C:\Users\rohan\AppData\Roaming\uv\python\cpython-3.12.9-windows-x86_64-none\Lib\contextlib.py:137: in __enter__
    return next(self.gen)
           ^^^^^^^^^^^^^^
C:\Users\rohan\AppData\Roaming\uv\python\cpython-3.12.9-windows-x86_64-none\Lib\unittest\mock.py:1375: in decoration_helper
    arg = exit_stack.enter_context(patching)
          ^^^^^^^^^^^^^^^^^^^^^^^^^^^^^^^^^^
C:\Users\rohan\AppData\Roaming\uv\python\cpython-3.12.9-windows-x86_64-none\Lib\contextlib.py:526: in enter_context
    result = _enter(cm)
             ^^^^^^^^^^
C:\Users\rohan\AppData\Roaming\uv\python\cpython-3.12.9-windows-x86_64-none\Lib\unittest\mock.py:1467: in __enter__
    original, local = self.get_original()
                      ^^^^^^^^^^^^^^^^^^^
_ _ _ _ _ _ _ _ _ _ _ _ _ _ _ _ _ _ _ _ _ _ _ _ _ _ _ _ _ _ _ _ _ _ _ _ _ _ _ _

self = <unittest.mock._patch object at 0x000001ADAB921FD0>

    def get_original(self):
        target = self.getter()
        name = self.attribute
    
        original = DEFAULT
        local = False
    
        try:
            original = target.__dict__[name]
        except (AttributeError, KeyError):
            original = getattr(target, name, DEFAULT)
        else:
            local = True
    
        if name in _builtins and isinstance(target, ModuleType):
            self.create = True
    
        if not self.create and original is DEFAULT:
>           raise AttributeError(
                "%s does not have the attribute %r" % (target, name)
            )
E           AttributeError: <module 'app.agentic' from 'D:\\Openresearch\\ai-service\\app\\agentic.py'> does not have the attribute 'mcp_client'

C:\Users\rohan\AppData\Roaming\uv\python\cpython-3.12.9-windows-x86_64-none\Lib\unittest\mock.py:1437: AttributeError
______ TestAutoIntentClassification.test_auto_classify_when_task_is_auto ______

self = <Coroutine test_auto_classify_when_task_is_auto>

    def runtest(self) -> None:
        runner_fixture_id = f"_{self._loop_scope}_scoped_runner"
        runner = self._request.getfixturevalue(runner_fixture_id)
        context = contextvars.copy_context()
        synchronized_obj = _synchronize_coroutine(
            getattr(*self._synchronization_target_attr), runner, context
        )
        with MonkeyPatch.context() as c:
            c.setattr(*self._synchronization_target_attr, synchronized_obj)
>           super().runtest()

.venv\Lib\site-packages\pytest_asyncio\plugin.py:469: 
_ _ _ _ _ _ _ _ _ _ _ _ _ _ _ _ _ _ _ _ _ _ _ _ _ _ _ _ _ _ _ _ _ _ _ _ _ _ _ _
.venv\Lib\site-packages\pytest_asyncio\plugin.py:716: in inner
    runner.run(coro, context=context)
C:\Users\rohan\AppData\Roaming\uv\python\cpython-3.12.9-windows-x86_64-none\Lib\asyncio\runners.py:118: in run
    return self._loop.run_until_complete(task)
           ^^^^^^^^^^^^^^^^^^^^^^^^^^^^^^^^^^^
C:\Users\rohan\AppData\Roaming\uv\python\cpython-3.12.9-windows-x86_64-none\Lib\asyncio\base_events.py:691: in run_until_complete
    return future.result()
           ^^^^^^^^^^^^^^^
C:\Users\rohan\AppData\Roaming\uv\python\cpython-3.12.9-windows-x86_64-none\Lib\unittest\mock.py:1410: in patched
    with self.decoration_helper(patched,
C:\Users\rohan\AppData\Roaming\uv\python\cpython-3.12.9-windows-x86_64-none\Lib\contextlib.py:137: in __enter__
    return next(self.gen)
           ^^^^^^^^^^^^^^
C:\Users\rohan\AppData\Roaming\uv\python\cpython-3.12.9-windows-x86_64-none\Lib\unittest\mock.py:1375: in decoration_helper
    arg = exit_stack.enter_context(patching)
          ^^^^^^^^^^^^^^^^^^^^^^^^^^^^^^^^^^
C:\Users\rohan\AppData\Roaming\uv\python\cpython-3.12.9-windows-x86_64-none\Lib\contextlib.py:526: in enter_context
    result = _enter(cm)
             ^^^^^^^^^^
C:\Users\rohan\AppData\Roaming\uv\python\cpython-3.12.9-windows-x86_64-none\Lib\unittest\mock.py:1467: in __enter__
    original, local = self.get_original()
                      ^^^^^^^^^^^^^^^^^^^
_ _ _ _ _ _ _ _ _ _ _ _ _ _ _ _ _ _ _ _ _ _ _ _ _ _ _ _ _ _ _ _ _ _ _ _ _ _ _ _

self = <unittest.mock._patch object at 0x000001ADAB922270>

    def get_original(self):
        target = self.getter()
        name = self.attribute
    
        original = DEFAULT
        local = False
    
        try:
            original = target.__dict__[name]
        except (AttributeError, KeyError):
            original = getattr(target, name, DEFAULT)
        else:
            local = True
    
        if name in _builtins and isinstance(target, ModuleType):
            self.create = True
    
        if not self.create and original is DEFAULT:
>           raise AttributeError(
                "%s does not have the attribute %r" % (target, name)
            )
E           AttributeError: <module 'app.agentic' from 'D:\\Openresearch\\ai-service\\app\\agentic.py'> does not have the attribute 'mcp_client'

C:\Users\rohan\AppData\Roaming\uv\python\cpython-3.12.9-windows-x86_64-none\Lib\unittest\mock.py:1437: AttributeError
__ TestAutoIntentClassification.test_auto_classify_below_threshold_defaults ___

self = <Coroutine test_auto_classify_below_threshold_defaults>

    def runtest(self) -> None:
        runner_fixture_id = f"_{self._loop_scope}_scoped_runner"
        runner = self._request.getfixturevalue(runner_fixture_id)
        context = contextvars.copy_context()
        synchronized_obj = _synchronize_coroutine(
            getattr(*self._synchronization_target_attr), runner, context
        )
        with MonkeyPatch.context() as c:
            c.setattr(*self._synchronization_target_attr, synchronized_obj)
>           super().runtest()

.venv\Lib\site-packages\pytest_asyncio\plugin.py:469: 
_ _ _ _ _ _ _ _ _ _ _ _ _ _ _ _ _ _ _ _ _ _ _ _ _ _ _ _ _ _ _ _ _ _ _ _ _ _ _ _
.venv\Lib\site-packages\pytest_asyncio\plugin.py:716: in inner
    runner.run(coro, context=context)
C:\Users\rohan\AppData\Roaming\uv\python\cpython-3.12.9-windows-x86_64-none\Lib\asyncio\runners.py:118: in run
    return self._loop.run_until_complete(task)
           ^^^^^^^^^^^^^^^^^^^^^^^^^^^^^^^^^^^
C:\Users\rohan\AppData\Roaming\uv\python\cpython-3.12.9-windows-x86_64-none\Lib\asyncio\base_events.py:691: in run_until_complete
    return future.result()
           ^^^^^^^^^^^^^^^
C:\Users\rohan\AppData\Roaming\uv\python\cpython-3.12.9-windows-x86_64-none\Lib\unittest\mock.py:1410: in patched
    with self.decoration_helper(patched,
C:\Users\rohan\AppData\Roaming\uv\python\cpython-3.12.9-windows-x86_64-none\Lib\contextlib.py:137: in __enter__
    return next(self.gen)
           ^^^^^^^^^^^^^^
C:\Users\rohan\AppData\Roaming\uv\python\cpython-3.12.9-windows-x86_64-none\Lib\unittest\mock.py:1375: in decoration_helper
    arg = exit_stack.enter_context(patching)
          ^^^^^^^^^^^^^^^^^^^^^^^^^^^^^^^^^^
C:\Users\rohan\AppData\Roaming\uv\python\cpython-3.12.9-windows-x86_64-none\Lib\contextlib.py:526: in enter_context
    result = _enter(cm)
             ^^^^^^^^^^
C:\Users\rohan\AppData\Roaming\uv\python\cpython-3.12.9-windows-x86_64-none\Lib\unittest\mock.py:1467: in __enter__
    original, local = self.get_original()
                      ^^^^^^^^^^^^^^^^^^^
_ _ _ _ _ _ _ _ _ _ _ _ _ _ _ _ _ _ _ _ _ _ _ _ _ _ _ _ _ _ _ _ _ _ _ _ _ _ _ _

self = <unittest.mock._patch object at 0x000001ADAB9224B0>

    def get_original(self):
        target = self.getter()
        name = self.attribute
    
        original = DEFAULT
        local = False
    
        try:
            original = target.__dict__[name]
        except (AttributeError, KeyError):
            original = getattr(target, name, DEFAULT)
        else:
            local = True
    
        if name in _builtins and isinstance(target, ModuleType):
            self.create = True
    
        if not self.create and original is DEFAULT:
>           raise AttributeError(
                "%s does not have the attribute %r" % (target, name)
            )
E           AttributeError: <module 'app.agentic' from 'D:\\Openresearch\\ai-service\\app\\agentic.py'> does not have the attribute 'mcp_client'

C:\Users\rohan\AppData\Roaming\uv\python\cpython-3.12.9-windows-x86_64-none\Lib\unittest\mock.py:1437: AttributeError
_______ TestAutoIntentClassification.test_explicit_task_skips_classify ________

self = <Coroutine test_explicit_task_skips_classify>

    def runtest(self) -> None:
        runner_fixture_id = f"_{self._loop_scope}_scoped_runner"
        runner = self._request.getfixturevalue(runner_fixture_id)
        context = contextvars.copy_context()
        synchronized_obj = _synchronize_coroutine(
            getattr(*self._synchronization_target_attr), runner, context
        )
        with MonkeyPatch.context() as c:
            c.setattr(*self._synchronization_target_attr, synchronized_obj)
>           super().runtest()

.venv\Lib\site-packages\pytest_asyncio\plugin.py:469: 
_ _ _ _ _ _ _ _ _ _ _ _ _ _ _ _ _ _ _ _ _ _ _ _ _ _ _ _ _ _ _ _ _ _ _ _ _ _ _ _
.venv\Lib\site-packages\pytest_asyncio\plugin.py:716: in inner
    runner.run(coro, context=context)
C:\Users\rohan\AppData\Roaming\uv\python\cpython-3.12.9-windows-x86_64-none\Lib\asyncio\runners.py:118: in run
    return self._loop.run_until_complete(task)
           ^^^^^^^^^^^^^^^^^^^^^^^^^^^^^^^^^^^
C:\Users\rohan\AppData\Roaming\uv\python\cpython-3.12.9-windows-x86_64-none\Lib\asyncio\base_events.py:691: in run_until_complete
    return future.result()
           ^^^^^^^^^^^^^^^
C:\Users\rohan\AppData\Roaming\uv\python\cpython-3.12.9-windows-x86_64-none\Lib\unittest\mock.py:1410: in patched
    with self.decoration_helper(patched,
C:\Users\rohan\AppData\Roaming\uv\python\cpython-3.12.9-windows-x86_64-none\Lib\contextlib.py:137: in __enter__
    return next(self.gen)
           ^^^^^^^^^^^^^^
C:\Users\rohan\AppData\Roaming\uv\python\cpython-3.12.9-windows-x86_64-none\Lib\unittest\mock.py:1375: in decoration_helper
    arg = exit_stack.enter_context(patching)
          ^^^^^^^^^^^^^^^^^^^^^^^^^^^^^^^^^^
C:\Users\rohan\AppData\Roaming\uv\python\cpython-3.12.9-windows-x86_64-none\Lib\contextlib.py:526: in enter_context
    result = _enter(cm)
             ^^^^^^^^^^
C:\Users\rohan\AppData\Roaming\uv\python\cpython-3.12.9-windows-x86_64-none\Lib\unittest\mock.py:1467: in __enter__
    original, local = self.get_original()
                      ^^^^^^^^^^^^^^^^^^^
_ _ _ _ _ _ _ _ _ _ _ _ _ _ _ _ _ _ _ _ _ _ _ _ _ _ _ _ _ _ _ _ _ _ _ _ _ _ _ _

self = <unittest.mock._patch object at 0x000001ADAB922720>

    def get_original(self):
        target = self.getter()
        name = self.attribute
    
        original = DEFAULT
        local = False
    
        try:
            original = target.__dict__[name]
        except (AttributeError, KeyError):
            original = getattr(target, name, DEFAULT)
        else:
            local = True
    
        if name in _builtins and isinstance(target, ModuleType):
            self.create = True
    
        if not self.create and original is DEFAULT:
>           raise AttributeError(
                "%s does not have the attribute %r" % (target, name)
            )
E           AttributeError: <module 'app.agentic' from 'D:\\Openresearch\\ai-service\\app\\agentic.py'> does not have the attribute 'mcp_client'

C:\Users\rohan\AppData\Roaming\uv\python\cpython-3.12.9-windows-x86_64-none\Lib\unittest\mock.py:1437: AttributeError
___________ TestRunTaskResponse.test_response_includes_errors_field ___________

self = <Coroutine test_response_includes_errors_field>

    def runtest(self) -> None:
        runner_fixture_id = f"_{self._loop_scope}_scoped_runner"
        runner = self._request.getfixturevalue(runner_fixture_id)
        context = contextvars.copy_context()
        synchronized_obj = _synchronize_coroutine(
            getattr(*self._synchronization_target_attr), runner, context
        )
        with MonkeyPatch.context() as c:
            c.setattr(*self._synchronization_target_attr, synchronized_obj)
>           super().runtest()

.venv\Lib\site-packages\pytest_asyncio\plugin.py:469: 
_ _ _ _ _ _ _ _ _ _ _ _ _ _ _ _ _ _ _ _ _ _ _ _ _ _ _ _ _ _ _ _ _ _ _ _ _ _ _ _
.venv\Lib\site-packages\pytest_asyncio\plugin.py:716: in inner
    runner.run(coro, context=context)
C:\Users\rohan\AppData\Roaming\uv\python\cpython-3.12.9-windows-x86_64-none\Lib\asyncio\runners.py:118: in run
    return self._loop.run_until_complete(task)
           ^^^^^^^^^^^^^^^^^^^^^^^^^^^^^^^^^^^
C:\Users\rohan\AppData\Roaming\uv\python\cpython-3.12.9-windows-x86_64-none\Lib\asyncio\base_events.py:691: in run_until_complete
    return future.result()
           ^^^^^^^^^^^^^^^
C:\Users\rohan\AppData\Roaming\uv\python\cpython-3.12.9-windows-x86_64-none\Lib\unittest\mock.py:1410: in patched
    with self.decoration_helper(patched,
C:\Users\rohan\AppData\Roaming\uv\python\cpython-3.12.9-windows-x86_64-none\Lib\contextlib.py:137: in __enter__
    return next(self.gen)
           ^^^^^^^^^^^^^^
C:\Users\rohan\AppData\Roaming\uv\python\cpython-3.12.9-windows-x86_64-none\Lib\unittest\mock.py:1375: in decoration_helper
    arg = exit_stack.enter_context(patching)
          ^^^^^^^^^^^^^^^^^^^^^^^^^^^^^^^^^^
C:\Users\rohan\AppData\Roaming\uv\python\cpython-3.12.9-windows-x86_64-none\Lib\contextlib.py:526: in enter_context
    result = _enter(cm)
             ^^^^^^^^^^
C:\Users\rohan\AppData\Roaming\uv\python\cpython-3.12.9-windows-x86_64-none\Lib\unittest\mock.py:1467: in __enter__
    original, local = self.get_original()
                      ^^^^^^^^^^^^^^^^^^^
_ _ _ _ _ _ _ _ _ _ _ _ _ _ _ _ _ _ _ _ _ _ _ _ _ _ _ _ _ _ _ _ _ _ _ _ _ _ _ _

self = <unittest.mock._patch object at 0x000001ADAB922990>

    def get_original(self):
        target = self.getter()
        name = self.attribute
    
        original = DEFAULT
        local = False
    
        try:
            original = target.__dict__[name]
        except (AttributeError, KeyError):
            original = getattr(target, name, DEFAULT)
        else:
            local = True
    
        if name in _builtins and isinstance(target, ModuleType):
            self.create = True
    
        if not self.create and original is DEFAULT:
>           raise AttributeError(
                "%s does not have the attribute %r" % (target, name)
            )
E           AttributeError: <module 'app.agentic' from 'D:\\Openresearch\\ai-service\\app\\agentic.py'> does not have the attribute 'mcp_client'

C:\Users\rohan\AppData\Roaming\uv\python\cpython-3.12.9-windows-x86_64-none\Lib\unittest\mock.py:1437: AttributeError
=============================== tests coverage ================================
_______________ coverage: platform win32, python 3.12.9-final-0 _______________

Name                       Stmts   Miss  Cover   Missing
--------------------------------------------------------
app\__init__.py                0      0   100%
app\agentic.py               453    208    54%   99-110, 122, 161, 164-173, 192, 231-243, 247-274, 282-331, 358-360, 381-406, 410, 469, 493-495, 501, 529-538, 541-545, 562-564, 583-585, 589-606, 631-644, 669-682, 698-733, 744, 747, 755-767, 785, 804-811, 848-932
app\config.py                 22      1    95%   48
app\database.py              177    141    20%   20-54, 67-100, 104-106, 118-141, 155-177, 181-202, 218-241, 245-257, 261-281, 285-301, 314-332, 349-399, 403-418, 442-467, 481-505, 519-537, 552-575
app\embeddings.py             91     67    26%   25-35, 54-61, 66, 76-90, 107-131, 144-152, 157-161, 180-202
app\groq_client.py           102    102     0%   3-258
app\intent_classifier.py      64     47    27%   146-160, 175-176, 180-185, 190-191, 200-228
app\main.py                  284    284     0%   18-980
app\mcp_client.py             58     58     0%   3-95
app\models.py                175    175     0%   3-272
app\report_generator.py      156    156     0%   3-413
app\tools\arxiv.py            14      0   100%
app\vector_store.py          105     82    22%   23-56, 60-62, 95-126, 143-178, 203-266, 292-305, 309-328
--------------------------------------------------------
TOTAL                       1701   1321    22%
Coverage HTML written to dir htmlcov
FAIL Required test coverage of 35% not reached. Total coverage: 22.34%
=========================== short test summary info ===========================
FAILED tests/test_agentic.py::TestInitialization::test_initialize_success - AttributeError: <module 'app.agentic' from 'D:\\Openresearch\\ai-service\\app\\agentic.py'> does not have the attribute 'mcp_client'
FAILED tests/test_agentic.py::TestFormatMemoryContext::test_empty_context - AttributeError: type object 'AgenticService' has no attribute '_format_memory_context'
FAILED tests/test_agentic.py::TestFormatMemoryContext::test_with_text_key - AttributeError: type object 'AgenticService' has no attribute '_format_memory_context'
FAILED tests/test_agentic.py::TestFormatMemoryContext::test_with_memory_key - AttributeError: type object 'AgenticService' has no attribute '_format_memory_context'
FAILED tests/test_agentic.py::TestFormatMemoryContext::test_fallback_to_str - AttributeError: type object 'AgenticService' has no attribute '_format_memory_context'
FAILED tests/test_agentic.py::TestFormatMemoryContext::test_paper_retrieval_tool - AttributeError: <module 'app.agentic' from 'D:\\Openresearch\\ai-service\\app\\agentic.py'> does not have the attribute 'mcp_client'
FAILED tests/test_agentic.py::TestFormatMemoryContext::test_fact_check_tool - AttributeError: <app.agentic.AgenticService object at 0x000001ADABA078C0> does not have the attribute '_load_memory'
FAILED tests/test_agentic.py::TestFormatMemoryContext::test_research_mentor_tool - AttributeError: <module 'app.agentic' from 'D:\\Openresearch\\ai-service\\app\\agentic.py'> does not have the attribute 'mem0_adapter'
FAILED tests/test_agentic.py::TestFormatMemoryContext::test_research_planning_tool - AttributeError: <module 'app.agentic' from 'D:\\Openresearch\\ai-service\\app\\agentic.py'> does not have the attribute 'mem0_adapter'
FAILED tests/test_agentic.py::TestFormatMemoryContext::test_run_task_routes_correctly - KeyError: 'final_response'
FAILED tests/test_agentic.py::TestErrorBoundaries::test_paper_retrieval_error_boundary - AttributeError: <module 'app.agentic' from 'D:\\Openresearch\\ai-service\\app\\agentic.py'> does not have the attribute 'mcp_client'
FAILED tests/test_agentic.py::TestErrorBoundaries::test_literature_survey_error_boundary - AssertionError: assert 'Error surveying literature' in 'No papers available to survey even after retrieval attempt.'
FAILED tests/test_agentic.py::TestErrorBoundaries::test_fact_check_error_boundary - AttributeError: <app.agentic.AgenticService object at 0x000001ADACDB5250> does not have the attribute '_load_memory'
FAILED tests/test_agentic.py::TestErrorBoundaries::test_research_mentor_error_boundary - AttributeError: <app.agentic.AgenticService object at 0x000001ADABA623C0> does not have the attribute '_load_memory'
FAILED tests/test_agentic.py::TestErrorBoundaries::test_research_planning_error_boundary - AttributeError: <app.agentic.AgenticService object at 0x000001ADABA510D0> does not have the attribute '_load_memory'
FAILED tests/test_agentic.py::TestCollectSources::test_fallback_to_group_papers - AttributeError: <module 'app.agentic' from 'D:\\Openresearch\\ai-service\\app\\agentic.py'> does not have the attribute 'mcp_client'
FAILED tests/test_agentic.py::TestCollectSources::test_mcp_source_collection - AttributeError: <module 'app.agentic' from 'D:\\Openresearch\\ai-service\\app\\agentic.py'> does not have the attribute 'mcp_client'
FAILED tests/test_agentic.py::TestCollectSources::test_failed_search_logs_warning - AttributeError: <module 'app.agentic' from 'D:\\Openresearch\\ai-service\\app\\agentic.py'> does not have the attribute 'mcp_client'
FAILED tests/test_agentic.py::TestAutoIntentClassification::test_auto_classify_when_task_empty - AttributeError: <module 'app.agentic' from 'D:\\Openresearch\\ai-service\\app\\agentic.py'> does not have the attribute 'mcp_client'
FAILED tests/test_agentic.py::TestAutoIntentClassification::test_auto_classify_when_task_is_auto - AttributeError: <module 'app.agentic' from 'D:\\Openresearch\\ai-service\\app\\agentic.py'> does not have the attribute 'mcp_client'
FAILED tests/test_agentic.py::TestAutoIntentClassification::test_auto_classify_below_threshold_defaults - AttributeError: <module 'app.agentic' from 'D:\\Openresearch\\ai-service\\app\\agentic.py'> does not have the attribute 'mcp_client'
FAILED tests/test_agentic.py::TestAutoIntentClassification::test_explicit_task_skips_classify - AttributeError: <module 'app.agentic' from 'D:\\Openresearch\\ai-service\\app\\agentic.py'> does not have the attribute 'mcp_client'
FAILED tests/test_agentic.py::TestRunTaskResponse::test_response_includes_errors_field - AttributeError: <module 'app.agentic' from 'D:\\Openresearch\\ai-service\\app\\agentic.py'> does not have the attribute 'mcp_client'
======================= 23 failed, 15 passed in 24.89s ========================
